This is pdfTeX, Version 3.14159265-2.6-1.40.15 (TeX Live 2014) (preloaded format=pdflatex 2014.10.15)  2 MAR 2016 14:49
entering extended mode
 restricted \write18 enabled.
 %&-line parsing enabled.
**mypaper.tex
(./mypaper.tex
LaTeX2e <2014/05/01>
Babel <3.9k> and hyphenation patterns for 78 languages loaded.
(./AGUTeX.cls


 AGUTeX Journal Style, American Geophysical Union 
 This version is dated Feb 9, 2008



LaTeX Warning: You have requested document class `AGUTeX',
               but the document class provides `agutex'.

Document Class: agutex 02/09/2008
\c@chapter=\count79
\c@section=\count80
\c@subsection=\count81
\c@subsubsection=\count82
\c@figure=\count83
\c@table=\count84
\mathindent=\dimen102
\abovefigcaptionskip=\skip41
\abovetabcaptionskip=\skip42
\abovetableskip=\skip43
\belowtabcaptionskip=\dimen103
\landscapebox=\box26
\c@plate=\count85
\savecurrtable=\box27
\abovetabularskip=\skip44
\belowtabularskip=\skip45
\timing=\count86
\hourcount=\count87
\oldtime=\count88
\totpages=\count89
\belowtitleskip=\dimen104
\abovesubtitleskip=\dimen105
\belowsubtitleskip=\dimen106
\aboveauthorskip=\dimen107
\belowauthorskip=\dimen108
\thanksnum=\count90
\dothanks=\count91
\thankscounter=\count92
\titlethanksnum=\count93
\dotitlethanks=\count94
\titlethankscounter=\count95
\thanksnum=\count96
\dothanks=\count97
\thankscounter=\count98
\authorwidth=\dimen109
\authorbaselineskip=\dimen110
\aboveaffilskip=\dimen111
\belowaffilskip=\dimen112
\affilwidth=\dimen113
\aboveabstractskip=\dimen114
\belowabstractskip=\dimen115
\belowabstractnameskip=\dimen116
\abstractmargin=\dimen117
\abovereceivedskip=\skip46
\aboverevisedskip=\skip47
\aboveacceptedskip=\skip48
\abovepublishededskip=\skip49
\barticle=\box28
\thanksbox=\box29
\titlethanksbox=\box30
\c@appendnum=\count99
\footnum=\count100
\savefootnum=\count101
\ackskip=\skip50
\saveparskip=\dimen118
\captionskip=\dimen119
\PushOneColTopFig=\dimen120
\PushOneColBotFig=\dimen121
\PushOneColTopTab=\dimen122
\PushOneColBotTab=\dimen123
\PushTwoColTopFig=\dimen124
\PushTwoColBotFig=\dimen125
\PushTwoColTopTab=\dimen126
\PushTwoColBotTab=\dimen127
\intextfloatskip=\skip51
\c@appfigure=\count102
\c@apptable=\count103
\c@appplate=\count104
\checkforspace=\dimen128
\savetopinsert=\box31
\savebotinsert=\box32
\secondsavetopinsert=\box33
\secondsavebotinsert=\box34
\firstcolbox=\box35
\secondcolbox=\box36
\thefirstbox=\box37
\thesecondbox=\box38
\firstcol=\dimen129
\secondcol=\dimen130
\checkheight=\dimen131
\loopnum=\count105
\firstcolsavefignum=\count106
\footnotebox=\box39
\ColUsed=\dimen132
\FigSpace=\dimen133
\testdblbotins=\box40
\pageloopnum=\count107
\endcolsavetopinsert=\box41
\endcolsavebotinsert=\box42
\testpagesize=\box43
\savelastskip=\dimen134
\partialpage=\box44
\figandtabnumber=\count108
\figandtabbox=\box45
\pagefloatnumber=\count109
\sizeoffloat=\box46
\bogus=\count110
\figinsert=\insert233
\herebox=\box47
\endfigbox=\box48
\spanbox=\box49
\dbltopins=\box50
\dblbotins=\box51
\dblbotskip=\skip52
\dblfigandtabnumber=\count111
\dblfigandtabbox=\box52
\dblloopnum=\count112
\savedblfigandtabnumber=\count113
\dblspanherebox=\box53
\bigpagenum=\count114
\littlepagenum=\count115
\wholepagenum=\count116
\@cprtype=\count117
\@slugcmmntwidth=\dimen135
\affilnum=\count118
\totalaffils=\count119
\figcount=\count120
\saveequation=\count121
\c@currlett=\count122
\notationwidth=\dimen136
\betweennotationskip=\skip53
\WidestEntry=\dimen137
\premulticols=\dimen138
\page@free=\dimen139
\partial@page=\box54
\multicoltolerance=\count123
\doublecol@number=\count124
\multicolbaselineskip=\skip54
\c@collectmore=\count125
\loopcount=\count126
\fixdimen=\dimen140
\c@unbalance=\count127
\savedimen=\dimen141
\savehsize=\dimen142
\mycolumnwidth=\dimen143
\saveparindent=\dimen144
\saveparskip=\dimen145
\abstractwidth=\dimen146
\currlastnumber=\count128
\altaffilbox=\box55
\sectskip=\skip55
\belowsectionskip=\skip56
\subsectskip=\skip57
\belowsubsectskip=\skip58
\subsubsectskip=\skip59
\belowsubsubsectskip=\skip60
\c@subsubsubsection=\count129
\captionwidth=\dimen147
\widecaptionwidth=\dimen148
\landscapecaptionwidth=\dimen149
\@temptokenb=\toks14
\beforeendskip=\skip61


 GRL class option, October 1, 2001,
 \documentclass[grl]{AGUTeX}
 ``Geophysical Research Letters'', 
 Published by American Geophysical Union


\titlesize=\dimen150
LaTeX Info: Redefining \cite on input line 7471.
\c@NAT@ctr=\count130
) (/usr/local/texlive/2014/texmf-dist/tex/latex/lineno/lineno.sty
Package: lineno 2005/11/02 line numbers on paragraphs v4.41
\linenopenalty=\count131
\output=\toks15
\linenoprevgraf=\count132
\linenumbersep=\dimen151
\linenumberwidth=\dimen152
\c@linenumber=\count133
\c@pagewiselinenumber=\count134
\c@LN@truepage=\count135
\c@internallinenumber=\count136
\c@internallinenumbers=\count137
\quotelinenumbersep=\dimen153
\bframerule=\dimen154
\bframesep=\dimen155
\bframebox=\box56
LaTeX Info: Redefining \\ on input line 3056.
) (/usr/local/texlive/2014/texmf-dist/tex/latex/graphics/graphicx.sty
Package: graphicx 2014/04/25 v1.0g Enhanced LaTeX Graphics (DPC,SPQR)
(/usr/local/texlive/2014/texmf-dist/tex/latex/graphics/keyval.sty
Package: keyval 2014/05/08 v1.15 key=value parser (DPC)
\KV@toks@=\toks16
) (/usr/local/texlive/2014/texmf-dist/tex/latex/graphics/graphics.sty
Package: graphics 2009/02/05 v1.0o Standard LaTeX Graphics (DPC,SPQR)
(/usr/local/texlive/2014/texmf-dist/tex/latex/graphics/trig.sty
Package: trig 1999/03/16 v1.09 sin cos tan (DPC)
) (/usr/local/texlive/2014/texmf-dist/tex/latex/latexconfig/graphics.cfg
File: graphics.cfg 2010/04/23 v1.9 graphics configuration of TeX Live
)
Package graphics Info: Driver file: pdftex.def on input line 91.
(/usr/local/texlive/2014/texmf-dist/tex/latex/pdftex-def/pdftex.def
File: pdftex.def 2011/05/27 v0.06d Graphics/color for pdfTeX
(/usr/local/texlive/2014/texmf-dist/tex/generic/oberdiek/infwarerr.sty
Package: infwarerr 2010/04/08 v1.3 Providing info/warning/error messages (HO)
) (/usr/local/texlive/2014/texmf-dist/tex/generic/oberdiek/ltxcmds.sty
Package: ltxcmds 2011/11/09 v1.22 LaTeX kernel commands for general use (HO)
)
\Gread@gobject=\count138
))
\Gin@req@height=\dimen156
\Gin@req@width=\dimen157
) (./mypaper.aux)
\openout1 = `mypaper.aux'.

LaTeX Font Info:    Checking defaults for OML/cmm/m/it on input line 76.
LaTeX Font Info:    ... okay on input line 76.
LaTeX Font Info:    Checking defaults for T1/cmr/m/n on input line 76.
LaTeX Font Info:    ... okay on input line 76.
LaTeX Font Info:    Checking defaults for OT1/cmr/m/n on input line 76.
LaTeX Font Info:    ... okay on input line 76.
LaTeX Font Info:    Checking defaults for OMS/cmsy/m/n on input line 76.
LaTeX Font Info:    ... okay on input line 76.
LaTeX Font Info:    Checking defaults for OMX/cmex/m/n on input line 76.
LaTeX Font Info:    ... okay on input line 76.
LaTeX Font Info:    Checking defaults for U/cmr/m/n on input line 76.
LaTeX Font Info:    ... okay on input line 76.
(/usr/local/texlive/2014/texmf-dist/tex/context/base/supp-pdf.mkii
[Loading MPS to PDF converter (version 2006.09.02).]
\scratchcounter=\count139
\scratchdimen=\dimen158
\scratchbox=\box57
\nofMPsegments=\count140
\nofMParguments=\count141
\everyMPshowfont=\toks17
\MPscratchCnt=\count142
\MPscratchDim=\dimen159
\MPnumerator=\count143
\makeMPintoPDFobject=\count144
\everyMPtoPDFconversion=\toks18
) (/usr/local/texlive/2014/texmf-dist/tex/generic/oberdiek/pdftexcmds.sty
Package: pdftexcmds 2011/11/29 v0.20 Utility functions of pdfTeX for LuaTeX (HO
)
(/usr/local/texlive/2014/texmf-dist/tex/generic/oberdiek/ifluatex.sty
Package: ifluatex 2010/03/01 v1.3 Provides the ifluatex switch (HO)
Package ifluatex Info: LuaTeX not detected.
) (/usr/local/texlive/2014/texmf-dist/tex/generic/oberdiek/ifpdf.sty
Package: ifpdf 2011/01/30 v2.3 Provides the ifpdf switch (HO)
Package ifpdf Info: pdfTeX in PDF mode is detected.
)
Package pdftexcmds Info: LuaTeX not detected.
Package pdftexcmds Info: \pdf@primitive is available.
Package pdftexcmds Info: \pdf@ifprimitive is available.
Package pdftexcmds Info: \pdfdraftmode found.
) (/usr/local/texlive/2014/texmf-dist/tex/latex/oberdiek/epstopdf-base.sty
Package: epstopdf-base 2010/02/09 v2.5 Base part for package epstopdf
(/usr/local/texlive/2014/texmf-dist/tex/latex/oberdiek/grfext.sty
Package: grfext 2010/08/19 v1.1 Manage graphics extensions (HO)
(/usr/local/texlive/2014/texmf-dist/tex/generic/oberdiek/kvdefinekeys.sty
Package: kvdefinekeys 2011/04/07 v1.3 Define keys (HO)
)) (/usr/local/texlive/2014/texmf-dist/tex/latex/oberdiek/kvoptions.sty
Package: kvoptions 2011/06/30 v3.11 Key value format for package options (HO)
(/usr/local/texlive/2014/texmf-dist/tex/generic/oberdiek/kvsetkeys.sty
Package: kvsetkeys 2012/04/25 v1.16 Key value parser (HO)
(/usr/local/texlive/2014/texmf-dist/tex/generic/oberdiek/etexcmds.sty
Package: etexcmds 2011/02/16 v1.5 Avoid name clashes with e-TeX commands (HO)
Package etexcmds Info: Could not find \expanded.
(etexcmds)             That can mean that you are not using pdfTeX 1.50 or
(etexcmds)             that some package has redefined \expanded.
(etexcmds)             In the latter case, load this package earlier.
)))
Package grfext Info: Graphics extension search list:
(grfext)             [.png,.pdf,.jpg,.mps,.jpeg,.jbig2,.jb2,.PNG,.PDF,.JPG,.JPE
G,.JBIG2,.JB2,.eps]
(grfext)             \AppendGraphicsExtensions on input line 452.
(/usr/local/texlive/2014/texmf-dist/tex/latex/latexconfig/epstopdf-sys.cfg
File: epstopdf-sys.cfg 2010/07/13 v1.3 Configuration of (r)epstopdf for TeX Liv
e
))
LaTeX Font Info:    External font `cmex10' loaded for size
(Font)              <12> on input line 110.
LaTeX Font Info:    External font `cmex10' loaded for size
(Font)              <8> on input line 110.
LaTeX Font Info:    External font `cmex10' loaded for size
(Font)              <6> on input line 110.
[1{/usr/local/texlive/2014/texmf-var/fonts/map/pdftex/updmap/pdftex.map}

] [2] (./mypaper.bbl) [3] <./figs/fig1.pdf, id=19, 578.16pt x 397.485pt>
File: ./figs/fig1.pdf Graphic file (type pdf)
<use ./figs/fig1.pdf>
Package pdftex.def Info: ./figs/fig1.pdf used on input line 158.
(pdftex.def)             Requested size: 393.6015pt x 270.60161pt.
<./figs/fig2.pdf, id=20, 578.16pt x 397.485pt>
File: ./figs/fig2.pdf Graphic file (type pdf)
<use ./figs/fig2.pdf>
Package pdftex.def Info: ./figs/fig2.pdf used on input line 165.
(pdftex.def)             Requested size: 393.6015pt x 270.60161pt.
<./figs/fig3.pdf, id=21, 505.89pt x 505.89pt>
File: ./figs/fig3.pdf Graphic file (type pdf)
<use ./figs/fig3.pdf>
Package pdftex.def Info: ./figs/fig3.pdf used on input line 174.
(pdftex.def)             Requested size: 393.6015pt x 393.60454pt.
[4 <./figs/fig1.pdf>] [5 <./figs/fig2.pdf>] [6 <./figs/fig3.pdf>] (./mypaper.au
x) ) 
Here is how much of TeX's memory you used:
 2578 strings out of 493117
 34878 string characters out of 6135432
 105964 words of memory out of 5000000
 6038 multiletter control sequences out of 15000+600000
 13617 words of font info for 47 fonts, out of 8000000 for 9000
 1141 hyphenation exceptions out of 8191
 37i,6n,24p,233b,308s stack positions out of 5000i,500n,10000p,200000b,80000s
</usr/local/texlive/2014/texmf-dist/fonts/type1/public/amsfonts/cm/cmbx12.p
fb></usr/local/texlive/2014/texmf-dist/fonts/type1/public/amsfonts/cm/cmr10.pfb
></usr/local/texlive/2014/texmf-dist/fonts/type1/public/amsfonts/cm/cmr12.pfb><
/usr/local/texlive/2014/texmf-dist/fonts/type1/public/amsfonts/cm/cmr8.pfb></us
r/local/texlive/2014/texmf-dist/fonts/type1/public/amsfonts/cm/cmss8.pfb></usr/
local/texlive/2014/texmf-dist/fonts/type1/public/amsfonts/cm/cmti12.pfb></usr/l
ocal/texlive/2014/texmf-dist/fonts/type1/public/amsfonts/cm/cmtt12.pfb>
Output written on mypaper.pdf (6 pages, 153372 bytes).
PDF statistics:
 140 PDF objects out of 1000 (max. 8388607)
 53 compressed objects within 1 object stream
 0 named destinations out of 1000 (max. 500000)
 16 words of extra memory for PDF output out of 10000 (max. 10000000)

